<?xml version="1.0" encoding="UTF-8"?>
<!-- Generated by org.testng.reporters.JUnitReportReporter -->
<testsuite hostname="EC2AMAZ-S11DBRH" failures="0" tests="2" name="runners.Addition" time="0.157" errors="0" timestamp="2024-02-12T05:39:00 GMT" skipped="0">
  <testcase classname="runners.Addition" name="runScenario" time="0.021"/>
  <system-out/>
  <testcase classname="runners.Addition" name="runScenario" time="0.136"/>
  <system-out/>
</testsuite> <!-- runners.Addition -->
